#
# There is insufficient memory for the Java Runtime Environment to continue.
# Native memory allocation (malloc) failed to allocate 32744 bytes for ChunkPool::allocate
# Possible reasons:
#   The system is out of physical RAM or swap space
#   The process is running with CompressedOops enabled, and the Java Heap may be blocking the growth of the native heap
# Possible solutions:
#   Reduce memory load on the system
#   Increase physical memory or swap space
#   Check if swap backing store is full
#   Decrease Java heap size (-Xmx/-Xms)
#   Decrease number of Java threads
#   Decrease Java thread stack sizes (-Xss)
#   Set larger code cache with -XX:ReservedCodeCacheSize=
#   JVM is running with Unscaled Compressed Oops mode in which the Java heap is
#     placed in the first 4GB address space. The Java Heap base address is the
#     maximum limit for the native heap growth. Please use -XX:HeapBaseMinAddress
#     to set the Java Heap base and to place the Java Heap above 4GB virtual address.
# This output file may be truncated or incomplete.
#
#  Out of Memory Error (allocation.cpp:272), pid=6688, tid=0x0000000000001b80
#
# JRE version: OpenJDK Runtime Environment (8.0_212-b04) (build 1.8.0_212-release-1586-b04)
# Java VM: OpenJDK 64-Bit Server VM (25.212-b04 mixed mode windows-amd64 compressed oops)
# Failed to write core dump. Minidumps are not enabled by default on client versions of Windows
#

---------------  T H R E A D  ---------------

Current thread (0x000000001619f800):  JavaThread "C2 CompilerThread1" daemon [_thread_in_native, id=7040, stack(0x00000000178f0000,0x00000000179f0000)]

Stack: [0x00000000178f0000,0x00000000179f0000]
[error occurred during error reporting (printing stack bounds), id 0xc0000005]

Native frames: (J=compiled Java code, j=interpreted, Vv=VM code, C=native code)


Current CompileTask:
C2: 155755 11474       4       sun.misc.URLClassPath$JarLoader$2::getCodeSigners (8 bytes)


---------------  P R O C E S S  ---------------

Java Threads: ( => current thread )
  0x000000001a878800 JavaThread "Cache worker for Java compile cache (C:\Users\burya\AndroidStudioProjects\English-master\.gradle\5.6.4\javaCompile)" [_thread_blocked, id=4904, stack(0x0000000026cc0000,0x0000000026dc0000)]
  0x000000001a86f000 JavaThread "Cache worker for Java compile cache (C:\Users\burya\.gradle\caches\5.6.4\javaCompile)" [_thread_blocked, id=6356, stack(0x0000000026bc0000,0x0000000026cc0000)]
  0x000000001a872800 JavaThread "WorkerExecutor Queue Thread 2" [_thread_blocked, id=11148, stack(0x0000000024b20000,0x0000000024c20000)]
  0x000000001a875800 JavaThread "stdout" [_thread_in_native, id=8492, stack(0x0000000024a20000,0x0000000024b20000)]
  0x000000001a870800 JavaThread "stderr" [_thread_in_native, id=6820, stack(0x0000000024920000,0x0000000024a20000)]
  0x000000001a86f800 JavaThread "pool-4-thread-1" [_thread_blocked, id=8552, stack(0x0000000024820000,0x0000000024920000)]
  0x000000001a874000 JavaThread "WorkerExecutor Queue" [_thread_blocked, id=7344, stack(0x0000000024520000,0x0000000024620000)]
  0x00000000161a3800 JavaThread "Cache worker for execution history cache (C:\Users\burya\AndroidStudioProjects\English-master\.gradle\5.6.4\executionHistory)" [_thread_blocked, id=5252, stack(0x0000000024420000,0x0000000024520000)]
  0x000000001d89f800 JavaThread "Execution worker for ':' Thread 3" [_thread_in_vm, id=10280, stack(0x0000000024320000,0x0000000024420000)]
  0x000000001d89d000 JavaThread "Execution worker for ':' Thread 2" [_thread_blocked, id=10580, stack(0x0000000024220000,0x0000000024320000)]
  0x000000001d8a4000 JavaThread "Execution worker for ':'" [_thread_blocked, id=6256, stack(0x0000000023f20000,0x0000000024020000)]
  0x000000001d89e000 JavaThread "Cache worker for file content cache (C:\Users\burya\AndroidStudioProjects\English-master\.gradle\5.6.4\fileContent)" [_thread_blocked, id=8888, stack(0x0000000023e20000,0x0000000023f20000)]
  0x000000001d8a1800 JavaThread "Cache worker for Build Output Cleanup Cache (C:\Users\burya\AndroidStudioProjects\English-master\.gradle\buildOutputCleanup)" [_thread_blocked, id=3396, stack(0x0000000023d20000,0x0000000023e20000)]
  0x000000001d8a1000 JavaThread "Build operations Thread 4" [_thread_blocked, id=8, stack(0x0000000023a20000,0x0000000023b20000)]
  0x000000001ce50800 JavaThread "Build operations Thread 3" [_thread_blocked, id=9664, stack(0x0000000023920000,0x0000000023a20000)]
  0x000000001ce50000 JavaThread "Build operations Thread 2" [_thread_blocked, id=10164, stack(0x0000000022a60000,0x0000000022b60000)]
  0x000000001ce4f000 JavaThread "Build operations" [_thread_blocked, id=4464, stack(0x0000000021f60000,0x0000000022060000)]
  0x000000001ce4e800 JavaThread "Cache worker for cache directory md-rule (C:\Users\burya\.gradle\caches\5.6.4\md-rule)" [_thread_blocked, id=6232, stack(0x0000000020890000,0x0000000020990000)]
  0x000000001ce4d800 JavaThread "Cache worker for cache directory md-supplier (C:\Users\burya\.gradle\caches\5.6.4\md-supplier)" [_thread_blocked, id=6220, stack(0x0000000020790000,0x0000000020890000)]
  0x000000001ce52000 JavaThread "Cache worker for file hash cache (C:\Users\burya\AndroidStudioProjects\English-master\.gradle\5.6.4\fileHashes)" [_thread_blocked, id=8916, stack(0x0000000020190000,0x0000000020290000)]
  0x000000001ce44800 JavaThread "Thread-38" [_thread_blocked, id=1900, stack(0x000000001e7c0000,0x000000001e8c0000)]
  0x000000001ce4b800 JavaThread "Stdin handler" [_thread_blocked, id=7604, stack(0x000000001e2c0000,0x000000001e3c0000)]
  0x000000001ce44000 JavaThread "Asynchronous log dispatcher for DefaultDaemonConnection: socket connection from /127.0.0.1:52097 to /127.0.0.1:52194" [_thread_blocked, id=10688, stack(0x000000001ba20000,0x000000001bb20000)]
  0x000000001ce4a800 JavaThread "Daemon worker Thread 2" [_thread_blocked, id=6204, stack(0x000000001b920000,0x000000001ba20000)]
  0x000000001ce43000 JavaThread "Cancel handler" [_thread_blocked, id=2568, stack(0x000000001b820000,0x000000001b920000)]
  0x000000001ce45800 JavaThread "Handler for socket connection from /127.0.0.1:52097 to /127.0.0.1:52194" [_thread_in_native, id=10572, stack(0x000000001b720000,0x000000001b820000)]
  0x000000001ce49000 JavaThread "Daemon Thread 2" [_thread_blocked, id=5096, stack(0x000000001b220000,0x000000001b320000)]
  0x000000001ce46000 JavaThread "Cache worker for file content cache (C:\Users\burya\.gradle\caches\5.6.4\fileContent)" [_thread_blocked, id=10780, stack(0x0000000022960000,0x0000000022a60000)]
  0x000000001ce4d000 JavaThread "Memory manager" [_thread_blocked, id=8848, stack(0x0000000022860000,0x0000000022960000)]
  0x000000001ce47000 JavaThread "Cache worker for execution history cache (C:\Users\burya\.gradle\caches\5.6.4\executionHistory)" [_thread_blocked, id=10924, stack(0x0000000020290000,0x0000000020390000)]
  0x000000001619f000 JavaThread "Cache worker for journal cache (C:\Users\burya\.gradle\caches\journal-1)" [_thread_blocked, id=10004, stack(0x000000001bf20000,0x000000001c020000)]
  0x000000001619c800 JavaThread "File lock request listener" [_thread_in_native, id=8172, stack(0x000000001be20000,0x000000001bf20000)]
  0x000000001619d800 JavaThread "Cache worker for file hash cache (C:\Users\burya\.gradle\caches\5.6.4\fileHashes)" [_thread_blocked, id=8892, stack(0x000000001bd20000,0x000000001be20000)]
  0x00000000182cb800 JavaThread "Daemon periodic checks" [_thread_blocked, id=3156, stack(0x000000001b120000,0x000000001b220000)]
  0x0000000017b9a000 JavaThread "Incoming local TCP Connector on port 52097" [_thread_in_native, id=11140, stack(0x000000001aed0000,0x000000001afd0000)]
  0x0000000019948800 JavaThread "Daemon health stats" [_thread_blocked, id=3152, stack(0x000000001a890000,0x000000001a990000)]
  0x00000000161ea800 JavaThread "Service Thread" daemon [_thread_blocked, id=9260, stack(0x0000000017ef0000,0x0000000017ff0000)]
  0x00000000161a2800 JavaThread "C1 CompilerThread2" daemon [_thread_blocked, id=4660, stack(0x00000000179f0000,0x0000000017af0000)]
=>0x000000001619f800 JavaThread "C2 CompilerThread1" daemon [_thread_in_native, id=7040, stack(0x00000000178f0000,0x00000000179f0000)]
  0x0000000016196800 JavaThread "C2 CompilerThread0" daemon [_thread_in_native, id=8676, stack(0x00000000177f0000,0x00000000178f0000)]
  0x0000000016195000 JavaThread "Attach Listener" daemon [_thread_blocked, id=2408, stack(0x00000000176f0000,0x00000000177f0000)]
  0x0000000016194000 JavaThread "Signal Dispatcher" daemon [_thread_blocked, id=1092, stack(0x00000000175f0000,0x00000000176f0000)]
  0x000000000281b000 JavaThread "Finalizer" daemon [_thread_blocked, id=2540, stack(0x00000000173e0000,0x00000000174e0000)]
  0x0000000016179000 JavaThread "Reference Handler" daemon [_thread_blocked, id=7856, stack(0x00000000172e0000,0x00000000173e0000)]
  0x000000000271e000 JavaThread "main" [_thread_blocked, id=11092, stack(0x0000000002590000,0x0000000002690000)]

Other Threads:
  0x0000000016156800 VMThread [stack: 0x00000000171e0000,0x00000000172e0000] [id=1188]
  0x00000000161eb000 WatcherThread [stack: 0x0000000017ff0000,0x00000000180f0000] [id=5428]

VM state:not at safepoint (normal execution)

VM Mutex/Monitor currently owned by a thread: None

heap address: 0x00000000a0000000, size: 1536 MB, Compressed Oops mode: 32-bit
Narrow klass base: 0x0000000000000000, Narrow klass shift: 3
Compressed class space size: 1073741824 Address: 0x0000000100000000

Heap:
 PSYoungGen      total 156672K, used 102334K [0x00000000e0000000, 0x00000000ebd80000, 0x0000000100000000)
  eden space 134144K, 63% used [0x00000000e0000000,0x00000000e53a5898,0x00000000e8300000)
  from space 22528K, 74% used [0x00000000e8300000,0x00000000e934a170,0x00000000e9900000)
  to   space 23552K, 0% used [0x00000000ea680000,0x00000000ea680000,0x00000000ebd80000)
 ParOldGen       total 142336K, used 51872K [0x00000000a0000000, 0x00000000a8b00000, 0x00000000e0000000)
  object space 142336K, 36% used [0x00000000a0000000,0x00000000a32a8278,0x00000000a8b00000)
 Metaspace       used 77985K, capacity 80620K, committed 80728K, reserved 1120256K
  class space    used 10218K, capacity 10765K, committed 10840K, reserved 1048576K

Card table byte_map: [0x0000000011be0000,0x0000000011ef0000] byte_map_base: 0x00000000116e0000

Marking Bits: (ParMarkBitMap*) 0x000000006fb49f30
 Begin Bits: [0x00000000124f0000, 0x0000000013cf0000)
 End Bits:   [0x0000000013cf0000, 0x00000000154f0000)

Polling page: 0x00000000007f0000

CodeCache: size=245760Kb used=31979Kb max_used=31979Kb free=213780Kb
 bounds [0x0000000002820000, 0x0000000004790000, 0x0000000011820000]
 total_blobs=10662 nmethods=9795 adapters=780
 compilation: enabled

Compilation events (10 events):
Event: 155.644 Thread 0x000000001619f800 nmethod 11469 0x0000000004780790 code [0x0000000004780940, 0x0000000004780f88]
Event: 155.677 Thread 0x00000000161a2800 11470       3       com.sun.tools.javac.tree.TreeTranslator::translate (23 bytes)
Event: 155.678 Thread 0x00000000161a2800 nmethod 11470 0x0000000004774a90 code [0x0000000004774c00, 0x0000000004774ea8]
Event: 155.683 Thread 0x00000000161a2800 11471       3       com.sun.tools.javac.tree.JCTree$JCMethodInvocation::getTag (4 bytes)
Event: 155.683 Thread 0x00000000161a2800 nmethod 11471 0x000000000476d190 code [0x000000000476d2e0, 0x000000000476d430]
Event: 155.684 Thread 0x00000000161a2800 11472       3       com.sun.tools.javac.tree.TreeInfo::getStartPos (638 bytes)
Event: 155.686 Thread 0x00000000161a2800 nmethod 11472 0x0000000004779a10 code [0x0000000004779e60, 0x000000000477c5e8]
Event: 155.694 Thread 0x00000000161a2800 11473       3       com.sun.tools.javac.tree.TreeScanner::visitIdent (1 bytes)
Event: 155.695 Thread 0x00000000161a2800 nmethod 11473 0x000000000476af50 code [0x000000000476b0a0, 0x000000000476b1f0]
Event: 155.752 Thread 0x000000001619f800 11474       4       sun.misc.URLClassPath$JarLoader$2::getCodeSigners (8 bytes)

GC Heap History (10 events):
Event: 23.472 GC heap before
{Heap before GC invocations=16 (full 3):
 PSYoungGen      total 111616K, used 13301K [0x00000000e0000000, 0x00000000e9600000, 0x0000000100000000)
  eden space 98304K, 0% used [0x00000000e0000000,0x00000000e0000000,0x00000000e6000000)
  from space 13312K, 99% used [0x00000000e6000000,0x00000000e6cfd630,0x00000000e6d00000)
  to   space 15872K, 0% used [0x00000000e8680000,0x00000000e8680000,0x00000000e9600000)
 ParOldGen       total 94720K, used 24860K [0x00000000a0000000, 0x00000000a5c80000, 0x00000000e0000000)
  object space 94720K, 26% used [0x00000000a0000000,0x00000000a1847098,0x00000000a5c80000)
 Metaspace       used 57149K, capacity 58978K, committed 59096K, reserved 1099776K
  class space    used 7876K, capacity 8330K, committed 8408K, reserved 1048576K
Event: 23.736 GC heap after
Heap after GC invocations=16 (full 3):
 PSYoungGen      total 111616K, used 0K [0x00000000e0000000, 0x00000000e9600000, 0x0000000100000000)
  eden space 98304K, 0% used [0x00000000e0000000,0x00000000e0000000,0x00000000e6000000)
  from space 13312K, 0% used [0x00000000e6000000,0x00000000e6000000,0x00000000e6d00000)
  to   space 15872K, 0% used [0x00000000e8680000,0x00000000e8680000,0x00000000e9600000)
 ParOldGen       total 142336K, used 34298K [0x00000000a0000000, 0x00000000a8b00000, 0x00000000e0000000)
  object space 142336K, 24% used [0x00000000a0000000,0x00000000a217ebb0,0x00000000a8b00000)
 Metaspace       used 57149K, capacity 58978K, committed 59096K, reserved 1099776K
  class space    used 7876K, capacity 8330K, committed 8408K, reserved 1048576K
}
Event: 26.443 GC heap before
{Heap before GC invocations=17 (full 3):
 PSYoungGen      total 111616K, used 98304K [0x00000000e0000000, 0x00000000e9600000, 0x0000000100000000)
  eden space 98304K, 100% used [0x00000000e0000000,0x00000000e6000000,0x00000000e6000000)
  from space 13312K, 0% used [0x00000000e6000000,0x00000000e6000000,0x00000000e6d00000)
  to   space 15872K, 0% used [0x00000000e8680000,0x00000000e8680000,0x00000000e9600000)
 ParOldGen       total 142336K, used 34298K [0x00000000a0000000, 0x00000000a8b00000, 0x00000000e0000000)
  object space 142336K, 24% used [0x00000000a0000000,0x00000000a217ebb0,0x00000000a8b00000)
 Metaspace       used 61788K, capacity 64142K, committed 64344K, reserved 1103872K
  class space    used 8493K, capacity 9016K, committed 9048K, reserved 1048576K
Event: 26.461 GC heap after
Heap after GC invocations=17 (full 3):
 PSYoungGen      total 129536K, used 10393K [0x00000000e0000000, 0x00000000e9200000, 0x0000000100000000)
  eden space 117760K, 0% used [0x00000000e0000000,0x00000000e0000000,0x00000000e7300000)
  from space 11776K, 88% used [0x00000000e8680000,0x00000000e90a6428,0x00000000e9200000)
  to   space 15872K, 0% used [0x00000000e7300000,0x00000000e7300000,0x00000000e8280000)
 ParOldGen       total 142336K, used 34306K [0x00000000a0000000, 0x00000000a8b00000, 0x00000000e0000000)
  object space 142336K, 24% used [0x00000000a0000000,0x00000000a2180bb0,0x00000000a8b00000)
 Metaspace       used 61788K, capacity 64142K, committed 64344K, reserved 1103872K
  class space    used 8493K, capacity 9016K, committed 9048K, reserved 1048576K
}
Event: 29.518 GC heap before
{Heap before GC invocations=18 (full 3):
 PSYoungGen      total 129536K, used 128153K [0x00000000e0000000, 0x00000000e9200000, 0x0000000100000000)
  eden space 117760K, 100% used [0x00000000e0000000,0x00000000e7300000,0x00000000e7300000)
  from space 11776K, 88% used [0x00000000e8680000,0x00000000e90a6428,0x00000000e9200000)
  to   space 15872K, 0% used [0x00000000e7300000,0x00000000e7300000,0x00000000e8280000)
 ParOldGen       total 142336K, used 34306K [0x00000000a0000000, 0x00000000a8b00000, 0x00000000e0000000)
  object space 142336K, 24% used [0x00000000a0000000,0x00000000a2180bb0,0x00000000a8b00000)
 Metaspace       used 64287K, capacity 66816K, committed 67032K, reserved 1107968K
  class space    used 8785K, capacity 9353K, committed 9432K, reserved 1048576K
Event: 29.535 GC heap after
Heap after GC invocations=18 (full 3):
 PSYoungGen      total 133632K, used 14884K [0x00000000e0000000, 0x00000000eaa00000, 0x0000000100000000)
  eden space 117760K, 0% used [0x00000000e0000000,0x00000000e0000000,0x00000000e7300000)
  from space 15872K, 93% used [0x00000000e7300000,0x00000000e81893b0,0x00000000e8280000)
  to   space 17408K, 0% used [0x00000000e9900000,0x00000000e9900000,0x00000000eaa00000)
 ParOldGen       total 142336K, used 34314K [0x00000000a0000000, 0x00000000a8b00000, 0x00000000e0000000)
  object space 142336K, 24% used [0x00000000a0000000,0x00000000a2182bb0,0x00000000a8b00000)
 Metaspace       used 64287K, capacity 66816K, committed 67032K, reserved 1107968K
  class space    used 8785K, capacity 9353K, committed 9432K, reserved 1048576K
}
Event: 146.534 GC heap before
{Heap before GC invocations=19 (full 3):
 PSYoungGen      total 133632K, used 132644K [0x00000000e0000000, 0x00000000eaa00000, 0x0000000100000000)
  eden space 117760K, 100% used [0x00000000e0000000,0x00000000e7300000,0x00000000e7300000)
  from space 15872K, 93% used [0x00000000e7300000,0x00000000e81893b0,0x00000000e8280000)
  to   space 17408K, 0% used [0x00000000e9900000,0x00000000e9900000,0x00000000eaa00000)
 ParOldGen       total 142336K, used 34314K [0x00000000a0000000, 0x00000000a8b00000, 0x00000000e0000000)
  object space 142336K, 24% used [0x00000000a0000000,0x00000000a2182bb0,0x00000000a8b00000)
 Metaspace       used 71258K, capacity 73968K, committed 74072K, reserved 1114112K
  class space    used 9459K, capacity 10051K, committed 10072K, reserved 1048576K
Event: 146.560 GC heap after
Heap after GC invocations=19 (full 3):
 PSYoungGen      total 151552K, used 17394K [0x00000000e0000000, 0x00000000eb000000, 0x0000000100000000)
  eden space 134144K, 0% used [0x00000000e0000000,0x00000000e0000000,0x00000000e8300000)
  from space 17408K, 99% used [0x00000000e9900000,0x00000000ea9fc9e0,0x00000000eaa00000)
  to   space 22528K, 0% used [0x00000000e8300000,0x00000000e8300000,0x00000000e9900000)
 ParOldGen       total 142336K, used 42299K [0x00000000a0000000, 0x00000000a8b00000, 0x00000000e0000000)
  object space 142336K, 29% used [0x00000000a0000000,0x00000000a294edf8,0x00000000a8b00000)
 Metaspace       used 71258K, capacity 73968K, committed 74072K, reserved 1114112K
  class space    used 9459K, capacity 10051K, committed 10072K, reserved 1048576K
}
Event: 151.494 GC heap before
{Heap before GC invocations=20 (full 3):
 PSYoungGen      total 151552K, used 151538K [0x00000000e0000000, 0x00000000eb000000, 0x0000000100000000)
  eden space 134144K, 100% used [0x00000000e0000000,0x00000000e8300000,0x00000000e8300000)
  from space 17408K, 99% used [0x00000000e9900000,0x00000000ea9fc9e0,0x00000000eaa00000)
  to   space 22528K, 0% used [0x00000000e8300000,0x00000000e8300000,0x00000000e9900000)
 ParOldGen       total 142336K, used 42299K [0x00000000a0000000, 0x00000000a8b00000, 0x00000000e0000000)
  object space 142336K, 29% used [0x00000000a0000000,0x00000000a294edf8,0x00000000a8b00000)
 Metaspace       used 72244K, capacity 74916K, committed 75224K, reserved 1114112K
  class space    used 9527K, capacity 10123K, committed 10200K, reserved 1048576K
Event: 151.527 GC heap after
Heap after GC invocations=20 (full 3):
 PSYoungGen      total 156672K, used 16680K [0x00000000e0000000, 0x00000000ebd80000, 0x0000000100000000)
  eden space 134144K, 0% used [0x00000000e0000000,0x00000000e0000000,0x00000000e8300000)
  from space 22528K, 74% used [0x00000000e8300000,0x00000000e934a170,0x00000000e9900000)
  to   space 23552K, 0% used [0x00000000ea680000,0x00000000ea680000,0x00000000ebd80000)
 ParOldGen       total 142336K, used 51872K [0x00000000a0000000, 0x00000000a8b00000, 0x00000000e0000000)
  object space 142336K, 36% used [0x00000000a0000000,0x00000000a32a8278,0x00000000a8b00000)
 Metaspace       used 72244K, capacity 74916K, committed 75224K, reserved 1114112K
  class space    used 9527K, capacity 10123K, committed 10200K, reserved 1048576K
}

Deoptimization events (10 events):
Event: 154.690 Thread 0x000000001d89f800 Uncommon trap: reason=class_check action=maybe_recompile pc=0x000000000467e79c method=com.sun.tools.javac.util.List.prependList(Lcom/sun/tools/javac/util/List;)Lcom/sun/tools/javac/util/List; @ 1
Event: 154.754 Thread 0x000000001d89f800 Uncommon trap: reason=unloaded action=reinterpret pc=0x0000000004696dfc method=com.sun.tools.javac.jvm.ClassReader.readPool(I)Ljava/lang/Object; @ 413
Event: 154.855 Thread 0x000000001d89f800 Uncommon trap: reason=class_check action=maybe_recompile pc=0x000000000467e79c method=com.sun.tools.javac.util.List.prependList(Lcom/sun/tools/javac/util/List;)Lcom/sun/tools/javac/util/List; @ 1
Event: 154.856 Thread 0x000000001d89f800 Uncommon trap: reason=class_check action=maybe_recompile pc=0x000000000467e79c method=com.sun.tools.javac.util.List.prependList(Lcom/sun/tools/javac/util/List;)Lcom/sun/tools/javac/util/List; @ 1
Event: 154.856 Thread 0x000000001d89f800 Uncommon trap: reason=class_check action=maybe_recompile pc=0x000000000467e79c method=com.sun.tools.javac.util.List.prependList(Lcom/sun/tools/javac/util/List;)Lcom/sun/tools/javac/util/List; @ 1
Event: 154.944 Thread 0x000000001d89f800 Uncommon trap: reason=unstable_if action=reinterpret pc=0x00000000046f5320 method=com.sun.tools.javac.code.Scope.lookup(Lcom/sun/tools/javac/util/Name;Lcom/sun/tools/javac/util/Filter;)Lcom/sun/tools/javac/code/Scope$Entry; @ 54
Event: 155.127 Thread 0x000000001d89f800 Uncommon trap: reason=unstable_if action=reinterpret pc=0x00000000041a8eb4 method=java.util.EnumMap.isValidKey(Ljava/lang/Object;)Z @ 16
Event: 155.228 Thread 0x000000001d89f800 Uncommon trap: reason=class_check action=maybe_recompile pc=0x00000000046fa810 method=com.sun.tools.javac.code.Types$18.visitClassType(Lcom/sun/tools/javac/code/Type$ClassType;Ljava/lang/Void;)Lcom/sun/tools/javac/code/Type; @ 19
Event: 155.240 Thread 0x000000001d89f800 Uncommon trap: reason=class_check action=maybe_recompile pc=0x00000000046fa810 method=com.sun.tools.javac.code.Types$18.visitClassType(Lcom/sun/tools/javac/code/Type$ClassType;Ljava/lang/Void;)Lcom/sun/tools/javac/code/Type; @ 19
Event: 155.681 Thread 0x000000001d89f800 Uncommon trap: reason=unstable_if action=reinterpret pc=0x00000000046c3218 method=com.sun.tools.javac.code.Scope.enter(Lcom/sun/tools/javac/code/Symbol;Lcom/sun/tools/javac/code/Scope;Lcom/sun/tools/javac/code/Scope;Z)V @ 116

Classes redefined (0 events):
No events

Internal exceptions (10 events):
Event: 33.099 Thread 0x000000001819c800 Exception <a 'java/lang/NoSuchMethodError': <clinit>> (0x00000000e45fab70) thrown at [D:\src\AOSP-openjdk-cygwin\jdk8u\hotspot\src\share\vm\prims\jni.cpp, line 1614]
Event: 33.099 Thread 0x000000001819c800 Exception <a 'java/lang/NoSuchMethodError': <clinit>> (0x00000000e4606108) thrown at [D:\src\AOSP-openjdk-cygwin\jdk8u\hotspot\src\share\vm\prims\jni.cpp, line 1614]
Event: 33.101 Thread 0x000000001819c800 Exception <a 'java/lang/NoSuchMethodError': <clinit>> (0x00000000e4613750) thrown at [D:\src\AOSP-openjdk-cygwin\jdk8u\hotspot\src\share\vm\prims\jni.cpp, line 1614]
Event: 33.104 Thread 0x000000001819c800 Exception <a 'java/lang/NoSuchMethodError': <clinit>> (0x00000000e462d6e8) thrown at [D:\src\AOSP-openjdk-cygwin\jdk8u\hotspot\src\share\vm\prims\jni.cpp, line 1614]
Event: 33.106 Thread 0x000000001819c800 Exception <a 'java/lang/NoSuchMethodError': <clinit>> (0x00000000e463e408) thrown at [D:\src\AOSP-openjdk-cygwin\jdk8u\hotspot\src\share\vm\prims\jni.cpp, line 1614]
Event: 146.564 Thread 0x000000001d89f800 Implicit null exception at 0x000000000401ec02 to 0x0000000004020f05
Event: 146.565 Thread 0x000000001d89d000 Implicit null exception at 0x0000000003fe6095 to 0x0000000003fe6421
Event: 148.047 Thread 0x000000001d89d000 Implicit null exception at 0x0000000004312f77 to 0x000000000431397f
Event: 151.168 Thread 0x000000001a874000 Exception <a 'sun/nio/fs/WindowsException'> (0x00000000e70d2eb0) thrown at [D:\src\AOSP-openjdk-cygwin\jdk8u\hotspot\src\share\vm\prims\jni.cpp, line 710]
Event: 151.169 Thread 0x000000001a874000 Exception <a 'sun/nio/fs/WindowsException'> (0x00000000e70d3358) thrown at [D:\src\AOSP-openjdk-cygwin\jdk8u\hotspot\src\share\vm\prims\jni.cpp, line 710]

Events (10 events):
Event: 155.725 loading class com/sun/tools/javac/jvm/Code
Event: 155.725 loading class com/sun/tools/javac/jvm/Code done
Event: 155.746 loading class com/sun/tools/javac/jvm/Code$1
Event: 155.746 loading class com/sun/tools/javac/jvm/Code$1 done
Event: 155.751 loading class com/sun/tools/javac/jvm/Code$State
Event: 155.751 loading class com/sun/tools/javac/jvm/Code$State done
Event: 155.752 loading class com/sun/tools/javac/jvm/Code$LocalVar
Event: 155.752 loading class com/sun/tools/javac/jvm/Code$LocalVar done
Event: 155.752 loading class com/sun/tools/javac/jvm/Items
Event: 155.752 loading class com/sun/tools/javac/jvm/Items done


Dynamic libraries:
0x00007ff7cd6f0000 - 0x00007ff7cd721000 	C:\Program Files\Android\Android Studio\jre\bin\java.exe
0x00007ffebc8c0000 - 0x00007ffebcab0000 	C:\Windows\SYSTEM32\ntdll.dll
0x00007ffe98540000 - 0x00007ffe98553000 	C:\Program Files\AVAST Software\Avast\aswhook.dll
0x00007ffebb4b0000 - 0x00007ffebb562000 	C:\Windows\System32\KERNEL32.DLL
0x00007ffeba690000 - 0x00007ffeba934000 	C:\Windows\System32\KERNELBASE.dll
0x00007ffebb3e0000 - 0x00007ffebb483000 	C:\Windows\System32\ADVAPI32.dll
0x00007ffebb190000 - 0x00007ffebb22e000 	C:\Windows\System32\msvcrt.dll
0x00007ffebb260000 - 0x00007ffebb2f7000 	C:\Windows\System32\sechost.dll
0x00007ffebb760000 - 0x00007ffebb880000 	C:\Windows\System32\RPCRT4.dll
0x00007ffebc270000 - 0x00007ffebc404000 	C:\Windows\System32\USER32.dll
0x00007ffeba510000 - 0x00007ffeba531000 	C:\Windows\System32\win32u.dll
0x00007ffebb230000 - 0x00007ffebb256000 	C:\Windows\System32\GDI32.dll
0x00007ffeba370000 - 0x00007ffeba504000 	C:\Windows\System32\gdi32full.dll
0x00007ffeb98d0000 - 0x00007ffeb996e000 	C:\Windows\System32\msvcp_win.dll
0x00007ffeba590000 - 0x00007ffeba68a000 	C:\Windows\System32\ucrtbase.dll
0x00007ffeab290000 - 0x00007ffeab514000 	C:\Windows\WinSxS\amd64_microsoft.windows.common-controls_6595b64144ccf1df_6.0.18362.836_none_e6c4b943130f18ed\COMCTL32.dll
0x00007ffebc470000 - 0x00007ffebc7a6000 	C:\Windows\System32\combase.dll
0x00007ffeb9850000 - 0x00007ffeb98d0000 	C:\Windows\System32\bcryptPrimitives.dll
0x00007ffebb570000 - 0x00007ffebb59e000 	C:\Windows\System32\IMM32.DLL
0x000000006f1c0000 - 0x000000006f292000 	C:\Program Files\Android\Android Studio\jre\jre\bin\msvcr100.dll
0x000000006f380000 - 0x000000006fbc6000 	C:\Program Files\Android\Android Studio\jre\jre\bin\server\jvm.dll
0x00007ffebb180000 - 0x00007ffebb188000 	C:\Windows\System32\PSAPI.DLL
0x00007ffeaaad0000 - 0x00007ffeaaad9000 	C:\Windows\SYSTEM32\WSOCK32.dll
0x00007ffebb880000 - 0x00007ffebb8ef000 	C:\Windows\System32\WS2_32.dll
0x00007ffeb76c0000 - 0x00007ffeb76e4000 	C:\Windows\SYSTEM32\WINMM.dll
0x00007ffeb3440000 - 0x00007ffeb344a000 	C:\Windows\SYSTEM32\VERSION.dll
0x00007ffeb7240000 - 0x00007ffeb726d000 	C:\Windows\SYSTEM32\WINMMBASE.dll
0x00007ffeba540000 - 0x00007ffeba58a000 	C:\Windows\System32\cfgmgr32.dll
0x00007ffeb7820000 - 0x00007ffeb782f000 	C:\Program Files\Android\Android Studio\jre\jre\bin\verify.dll
0x00007ffeb6230000 - 0x00007ffeb6259000 	C:\Program Files\Android\Android Studio\jre\jre\bin\java.dll
0x00007ffeae6f0000 - 0x00007ffeae706000 	C:\Program Files\Android\Android Studio\jre\jre\bin\zip.dll
0x00007ffeba970000 - 0x00007ffebb054000 	C:\Windows\System32\SHELL32.dll
0x00007ffebb070000 - 0x00007ffebb119000 	C:\Windows\System32\shcore.dll
0x00007ffeb9bd0000 - 0x00007ffeba34e000 	C:\Windows\System32\windows.storage.dll
0x00007ffeb9800000 - 0x00007ffeb9823000 	C:\Windows\System32\profapi.dll
0x00007ffeb97b0000 - 0x00007ffeb97fa000 	C:\Windows\System32\powrprof.dll
0x00007ffeb9780000 - 0x00007ffeb9790000 	C:\Windows\System32\UMPDC.dll
0x00007ffebb120000 - 0x00007ffebb172000 	C:\Windows\System32\shlwapi.dll
0x00007ffeb9830000 - 0x00007ffeb9841000 	C:\Windows\System32\kernel.appcore.dll
0x00007ffeba350000 - 0x00007ffeba367000 	C:\Windows\System32\cryptsp.dll
0x00007ffeac9d0000 - 0x00007ffeac9ea000 	C:\Program Files\Android\Android Studio\jre\jre\bin\net.dll
0x00007ffeafab0000 - 0x00007ffeafc86000 	C:\Windows\SYSTEM32\urlmon.dll
0x00007ffeaf710000 - 0x00007ffeaf9b6000 	C:\Windows\SYSTEM32\iertutil.dll
0x00007ffeb91c0000 - 0x00007ffeb91cc000 	C:\Windows\SYSTEM32\CRYPTBASE.DLL
0x00007ffeb8ff0000 - 0x00007ffeb9057000 	C:\Windows\system32\mswsock.dll
0x00007ffeac9b0000 - 0x00007ffeac9c3000 	C:\Program Files\Android\Android Studio\jre\jre\bin\nio.dll
0x00007ffe9e0e0000 - 0x00007ffe9e106000 	C:\Users\burya\.gradle\native\30\windows-amd64\native-platform.dll
0x00007ffeb60b0000 - 0x00007ffeb60bd000 	C:\Program Files\Android\Android Studio\jre\jre\bin\management.dll
0x00007ffeb8b60000 - 0x00007ffeb8b93000 	C:\Windows\system32\rsaenh.dll
0x00007ffeba940000 - 0x00007ffeba966000 	C:\Windows\System32\bcrypt.dll
0x00007ffeb96a0000 - 0x00007ffeb96c5000 	C:\Windows\SYSTEM32\USERENV.dll
0x00007ffeb8d00000 - 0x00007ffeb8d3a000 	C:\Windows\SYSTEM32\IPHLPAPI.DLL
0x00007ffebc090000 - 0x00007ffebc098000 	C:\Windows\System32\NSI.dll
0x00007ffeaa270000 - 0x00007ffeaa286000 	C:\Windows\SYSTEM32\dhcpcsvc6.DLL
0x00007ffeab520000 - 0x00007ffeab53c000 	C:\Windows\SYSTEM32\dhcpcsvc.DLL
0x00007ffeb8d40000 - 0x00007ffeb8e0b000 	C:\Windows\SYSTEM32\DNSAPI.dll
0x00007ffea77b0000 - 0x00007ffea77d4000 	C:\Program Files\Android\Android Studio\jre\jre\bin\sunec.dll
0x00007ffea8190000 - 0x00007ffea819a000 	C:\Windows\System32\rasadhlp.dll
0x00007ffeab9b0000 - 0x00007ffeaba27000 	C:\Windows\System32\fwpuclnt.dll
0x00007ffeb56e0000 - 0x00007ffeb56eb000 	C:\Program Files\Android\Android Studio\jre\jre\bin\sunmscapi.dll
0x00007ffeb9970000 - 0x00007ffeb9ab9000 	C:\Windows\System32\CRYPT32.dll
0x00007ffeb9790000 - 0x00007ffeb97a2000 	C:\Windows\System32\MSASN1.dll

VM Arguments:
jvm_args: -Xmx1536m -Dfile.encoding=windows-1251 -Duser.country=RU -Duser.language=ru -Duser.variant 
java_command: org.gradle.launcher.daemon.bootstrap.GradleDaemon 5.6.4
java_class_path (initial): C:\Users\burya\.gradle\wrapper\dists\gradle-5.6.4-all\ankdp27end7byghfw1q2sw75f\gradle-5.6.4\lib\gradle-launcher-5.6.4.jar
Launcher Type: SUN_STANDARD

Environment Variables:
PATH=C:\Program Files (x86)\Common Files\Oracle\Java\javapath;C:\ProgramData\Oracle\Java\javapath;C:\Program Files (x86)\Common Files\Intel\Shared Libraries\redist\intel64\compiler;C:\Windows\system32;C:\Windows;C:\Windows\System32\Wbem;C:\Windows\System32\WindowsPowerShell\v1.0\;C:\Windows\System32\OpenSSH\;C:\Program Files (x86)\GtkSharp\2.12\bin;C:\Program Files\dotnet\;C:\Program Files\Git\cmd;C:\Users\burya\AppData\Local\Microsoft\WindowsApps;;C:\Program Files\JetBrains\IntelliJ IDEA Community Edition 2019.2.2\bin;
USERNAME=burya
OS=Windows_NT
PROCESSOR_IDENTIFIER=Intel64 Family 6 Model 158 Stepping 9, GenuineIntel



---------------  S Y S T E M  ---------------

OS: Windows 10.0 , 64 bit Build 18362 (10.0.18362.778)

CPU:total 4 (initial active 4) (2 cores per cpu, 2 threads per core) family 6 model 158 stepping 9, cmov, cx8, fxsr, mmx, sse, sse2, sse3, ssse3, sse4.1, sse4.2, popcnt, aes, clmul, erms, 3dnowpref, lzcnt, ht, tsc, tscinvbit

Memory: 4k page, physical 8347540k(443832k free), swap 14501780k(0k free)

vm_info: OpenJDK 64-Bit Server VM (25.212-b04) for windows-amd64 JRE (1.8.0_212-release-1586-b04), built by "builder" with MS VC++ 10.0 (VS2010)

time: Mon May 18 19:18:03 2020
timezone: RTZ 2 (зима)
elapsed time: 155 seconds (0d 0h 2m 35s)

